ProjectCatalog/app/build/intermediates/manifest_merge_blame_file/release/manifest-merger-blame-release-report.txt
1<?xml version="1.0" encoding="utf-8"?>
2<manifest xmlns:android="http://schemas.android.com/apk/res/android"
3    package="com.example.projectcatalog"
4    android:versionCode="1"
5    android:versionName="1.0" >
6
7    <uses-sdk
8        android:minSdkVersion="30"
9        android:targetSdkVersion="34" />
10
11    <!-- Although the *SdkVersion is captured in gradle build files, this is required for non gradle builds -->
12    <!-- <uses-sdk android:minSdkVersion="14"/> -->
13    <uses-permission android:name="android.permission.ACCESS_NETWORK_STATE" />
13-->[com.google.firebase:firebase-database:20.3.0] AndroidManifest.xml:22:5-79
13-->[com.google.firebase:firebase-database:20.3.0] AndroidManifest.xml:22:22-76
14    <uses-permission android:name="android.permission.INTERNET" />
14-->[com.google.firebase:firebase-database:20.3.0] AndroidManifest.xml:23:5-67
14-->[com.google.firebase:firebase-database:20.3.0] AndroidManifest.xml:23:22-64
15    <uses-permission android:name="android.permission.WAKE_LOCK" />
15-->[com.google.android.gms:play-services-measurement:21.5.0] AndroidManifest.xml:25:5-68
15-->[com.google.android.gms:play-services-measurement:21.5.0] AndroidManifest.xml:25:22-65
16    <uses-permission android:name="com.google.android.finsky.permission.BIND_GET_INSTALL_REFERRER_SERVICE" />
16-->[com.google.android.gms:play-services-measurement:21.5.0] AndroidManifest.xml:26:5-110
16-->[com.google.android.gms:play-services-measurement:21.5.0] AndroidManifest.xml:26:22-107
17    <uses-permission android:name="com.google.android.gms.permission.AD_ID" />
17-->[com.google.android.gms:play-services-measurement-api:21.5.0] AndroidManifest.xml:25:5-79
17-->[com.google.android.gms:play-services-measurement-api:21.5.0] AndroidManifest.xml:25:22-76
18    <uses-permission android:name="android.permission.ACCESS_ADSERVICES_ATTRIBUTION" />
18-->[com.google.android.gms:play-services-measurement-api:21.5.0] AndroidManifest.xml:26:5-88
18-->[com.google.android.gms:play-services-measurement-api:21.5.0] AndroidManifest.xml:26:22-85
19    <uses-permission android:name="android.permission.ACCESS_ADSERVICES_AD_ID" />
19-->[com.google.android.gms:play-services-measurement-api:21.5.0] AndroidManifest.xml:27:5-82
19-->[com.google.android.gms:play-services-measurement-api:21.5.0] AndroidManifest.xml:27:22-79
20
21    <permission
21-->[androidx.core:core:1.9.0] AndroidManifest.xml:22:5-24:47
22        android:name="com.example.projectcatalog.DYNAMIC_RECEIVER_NOT_EXPORTED_PERMISSION"
22-->[androidx.core:core:1.9.0] AndroidManifest.xml:23:9-81
23        android:protectionLevel="signature" />
23-->[androidx.core:core:1.9.0] AndroidManifest.xml:24:9-44
24
25    <uses-permission android:name="com.example.projectcatalog.DYNAMIC_RECEIVER_NOT_EXPORTED_PERMISSION" />
25-->[androidx.core:core:1.9.0] AndroidManifest.xml:26:5-97
25-->[androidx.core:core:1.9.0] AndroidManifest.xml:26:22-94
26
27    <application
27-->src/main/AndroidManifest.xml:5:5-26:19
28        android:allowBackup="true"
28-->src/main/AndroidManifest.xml:6:9-35
29        android:appComponentFactory="androidx.core.app.CoreComponentFactory"
29-->[androidx.core:core:1.9.0] AndroidManifest.xml:28:18-86
30        android:dataExtractionRules="@xml/data_extraction_rules"
30-->src/main/AndroidManifest.xml:7:9-65
31        android:extractNativeLibs="false"
32        android:fullBackupContent="@xml/backup_rules"
32-->src/main/AndroidManifest.xml:8:9-54
33        android:icon="@mipmap/ic_launcher"
33-->src/main/AndroidManifest.xml:9:9-43
34        android:label="@string/app_name"
34-->src/main/AndroidManifest.xml:10:9-41
35        android:roundIcon="@mipmap/ic_launcher_round"
35-->src/main/AndroidManifest.xml:11:9-54
36        android:supportsRtl="true"
36-->src/main/AndroidManifest.xml:12:9-35
37        android:theme="@style/Theme.ProjectCatalog" >
37-->src/main/AndroidManifest.xml:13:9-52
38        <activity
38-->src/main/AndroidManifest.xml:15:9-25:20
39            android:name="com.example.projectcatalog.MainActivity"
39-->src/main/AndroidManifest.xml:16:13-41
40            android:exported="true"
40-->src/main/AndroidManifest.xml:17:13-36
41            android:label="@string/app_name"
41-->src/main/AndroidManifest.xml:18:13-45
42            android:theme="@style/Theme.AppCompat.DayNight.DarkActionBar" >
42-->src/main/AndroidManifest.xml:19:13-74
43            <intent-filter>
43-->src/main/AndroidManifest.xml:20:13-24:29
44                <action android:name="android.intent.action.MAIN" />
44-->src/main/AndroidManifest.xml:21:17-69
44-->src/main/AndroidManifest.xml:21:25-66
45
46                <category android:name="android.intent.category.LAUNCHER" />
46-->src/main/AndroidManifest.xml:23:17-77
46-->src/main/AndroidManifest.xml:23:27-74
47            </intent-filter>
48        </activity>
49
50        <service
50-->[com.google.firebase:firebase-database:20.3.0] AndroidManifest.xml:26:9-35:19
51            android:name="com.google.firebase.components.ComponentDiscoveryService"
51-->[com.google.firebase:firebase-database:20.3.0] AndroidManifest.xml:27:13-84
52            android:directBootAware="true"
52-->[com.google.firebase:firebase-common:20.4.2] AndroidManifest.xml:32:13-43
53            android:exported="false" >
53-->[com.google.firebase:firebase-database:20.3.0] AndroidManifest.xml:28:13-37
54            <meta-data
54-->[com.google.firebase:firebase-database:20.3.0] AndroidManifest.xml:29:13-31:85
55                android:name="com.google.firebase.components:com.google.firebase.database.FirebaseDatabaseKtxRegistrar"
55-->[com.google.firebase:firebase-database:20.3.0] AndroidManifest.xml:30:17-120
56                android:value="com.google.firebase.components.ComponentRegistrar" />
56-->[com.google.firebase:firebase-database:20.3.0] AndroidManifest.xml:31:17-82
57            <meta-data
57-->[com.google.firebase:firebase-database:20.3.0] AndroidManifest.xml:32:13-34:85
58                android:name="com.google.firebase.components:com.google.firebase.database.DatabaseRegistrar"
58-->[com.google.firebase:firebase-database:20.3.0] AndroidManifest.xml:33:17-109
59                android:value="com.google.firebase.components.ComponentRegistrar" />
59-->[com.google.firebase:firebase-database:20.3.0] AndroidManifest.xml:34:17-82
60            <meta-data
60-->[com.google.firebase:firebase-firestore:24.9.1] AndroidManifest.xml:17:13-19:85
61                android:name="com.google.firebase.components:com.google.firebase.firestore.FirebaseFirestoreKtxRegistrar"
61-->[com.google.firebase:firebase-firestore:24.9.1] AndroidManifest.xml:18:17-122
62                android:value="com.google.firebase.components.ComponentRegistrar" />
62-->[com.google.firebase:firebase-firestore:24.9.1] AndroidManifest.xml:19:17-82
63            <meta-data
63-->[com.google.firebase:firebase-firestore:24.9.1] AndroidManifest.xml:20:13-22:85
64                android:name="com.google.firebase.components:com.google.firebase.firestore.FirestoreRegistrar"
64-->[com.google.firebase:firebase-firestore:24.9.1] AndroidManifest.xml:21:17-111
65                android:value="com.google.firebase.components.ComponentRegistrar" />
65-->[com.google.firebase:firebase-firestore:24.9.1] AndroidManifest.xml:22:17-82
66            <meta-data
66-->[com.google.android.gms:play-services-measurement-api:21.5.0] AndroidManifest.xml:37:13-39:85
67                android:name="com.google.firebase.components:com.google.firebase.analytics.connector.internal.AnalyticsConnectorRegistrar"
67-->[com.google.android.gms:play-services-measurement-api:21.5.0] AndroidManifest.xml:38:17-139
68                android:value="com.google.firebase.components.ComponentRegistrar" />
68-->[com.google.android.gms:play-services-measurement-api:21.5.0] AndroidManifest.xml:39:17-82
69            <meta-data
69-->[com.google.firebase:firebase-common-ktx:20.4.2] AndroidManifest.xml:12:13-14:85
70                android:name="com.google.firebase.components:com.google.firebase.ktx.FirebaseCommonLegacyRegistrar"
70-->[com.google.firebase:firebase-common-ktx:20.4.2] AndroidManifest.xml:13:17-116
71                android:value="com.google.firebase.components.ComponentRegistrar" />
71-->[com.google.firebase:firebase-common-ktx:20.4.2] AndroidManifest.xml:14:17-82
72            <meta-data
72-->[com.google.firebase:firebase-installations:17.0.1] AndroidManifest.xml:18:13-20:85
73                android:name="com.google.firebase.components:com.google.firebase.installations.FirebaseInstallationsRegistrar"
73-->[com.google.firebase:firebase-installations:17.0.1] AndroidManifest.xml:19:17-127
74                android:value="com.google.firebase.components.ComponentRegistrar" />
74-->[com.google.firebase:firebase-installations:17.0.1] AndroidManifest.xml:20:17-82
75            <meta-data
75-->[com.google.firebase:firebase-common:20.4.2] AndroidManifest.xml:35:13-37:85
76                android:name="com.google.firebase.components:com.google.firebase.FirebaseCommonKtxRegistrar"
76-->[com.google.firebase:firebase-common:20.4.2] AndroidManifest.xml:36:17-109
77                android:value="com.google.firebase.components.ComponentRegistrar" />
77-->[com.google.firebase:firebase-common:20.4.2] AndroidManifest.xml:37:17-82
78        </service>
79
80        <provider
80-->[androidx.emoji2:emoji2:1.2.0] AndroidManifest.xml:24:9-32:20
81            android:name="androidx.startup.InitializationProvider"
81-->[androidx.emoji2:emoji2:1.2.0] AndroidManifest.xml:25:13-67
82            android:authorities="com.example.projectcatalog.androidx-startup"
82-->[androidx.emoji2:emoji2:1.2.0] AndroidManifest.xml:26:13-68
83            android:exported="false" >
83-->[androidx.emoji2:emoji2:1.2.0] AndroidManifest.xml:27:13-37
84            <meta-data
84-->[androidx.emoji2:emoji2:1.2.0] AndroidManifest.xml:29:13-31:52
85                android:name="androidx.emoji2.text.EmojiCompatInitializer"
85-->[androidx.emoji2:emoji2:1.2.0] AndroidManifest.xml:30:17-75
86                android:value="androidx.startup" />
86-->[androidx.emoji2:emoji2:1.2.0] AndroidManifest.xml:31:17-49
87            <meta-data
87-->[androidx.lifecycle:lifecycle-process:2.6.2] AndroidManifest.xml:29:13-31:52
88                android:name="androidx.lifecycle.ProcessLifecycleInitializer"
88-->[androidx.lifecycle:lifecycle-process:2.6.2] AndroidManifest.xml:30:17-78
89                android:value="androidx.startup" />
89-->[androidx.lifecycle:lifecycle-process:2.6.2] AndroidManifest.xml:31:17-49
90            <meta-data
90-->[androidx.profileinstaller:profileinstaller:1.3.0] AndroidManifest.xml:29:13-31:52
91                android:name="androidx.profileinstaller.ProfileInstallerInitializer"
91-->[androidx.profileinstaller:profileinstaller:1.3.0] AndroidManifest.xml:30:17-85
92                android:value="androidx.startup" />
92-->[androidx.profileinstaller:profileinstaller:1.3.0] AndroidManifest.xml:31:17-49
93        </provider>
94
95        <activity
95-->[com.google.android.gms:play-services-base:18.1.0] AndroidManifest.xml:20:9-22:45
96            android:name="com.google.android.gms.common.api.GoogleApiActivity"
96-->[com.google.android.gms:play-services-base:18.1.0] AndroidManifest.xml:20:19-85
97            android:exported="false"
97-->[com.google.android.gms:play-services-base:18.1.0] AndroidManifest.xml:22:19-43
98            android:theme="@android:style/Theme.Translucent.NoTitleBar" />
98-->[com.google.android.gms:play-services-base:18.1.0] AndroidManifest.xml:21:19-78
99
100        <receiver
100-->[com.google.android.gms:play-services-measurement:21.5.0] AndroidManifest.xml:29:9-33:20
101            android:name="com.google.android.gms.measurement.AppMeasurementReceiver"
101-->[com.google.android.gms:play-services-measurement:21.5.0] AndroidManifest.xml:30:13-85
102            android:enabled="true"
102-->[com.google.android.gms:play-services-measurement:21.5.0] AndroidManifest.xml:31:13-35
103            android:exported="false" >
103-->[com.google.android.gms:play-services-measurement:21.5.0] AndroidManifest.xml:32:13-37
104        </receiver>
105
106        <service
106-->[com.google.android.gms:play-services-measurement:21.5.0] AndroidManifest.xml:35:9-38:40
107            android:name="com.google.android.gms.measurement.AppMeasurementService"
107-->[com.google.android.gms:play-services-measurement:21.5.0] AndroidManifest.xml:36:13-84
108            android:enabled="true"
108-->[com.google.android.gms:play-services-measurement:21.5.0] AndroidManifest.xml:37:13-35
109            android:exported="false" />
109-->[com.google.android.gms:play-services-measurement:21.5.0] AndroidManifest.xml:38:13-37
110        <service
110-->[com.google.android.gms:play-services-measurement:21.5.0] AndroidManifest.xml:39:9-43:72
111            android:name="com.google.android.gms.measurement.AppMeasurementJobService"
111-->[com.google.android.gms:play-services-measurement:21.5.0] AndroidManifest.xml:40:13-87
112            android:enabled="true"
112-->[com.google.android.gms:play-services-measurement:21.5.0] AndroidManifest.xml:41:13-35
113            android:exported="false"
113-->[com.google.android.gms:play-services-measurement:21.5.0] AndroidManifest.xml:42:13-37
114            android:permission="android.permission.BIND_JOB_SERVICE" />
114-->[com.google.android.gms:play-services-measurement:21.5.0] AndroidManifest.xml:43:13-69
115
116        <property
116-->[com.google.android.gms:play-services-measurement-api:21.5.0] AndroidManifest.xml:30:9-32:61
117            android:name="android.adservices.AD_SERVICES_CONFIG"
117-->[com.google.android.gms:play-services-measurement-api:21.5.0] AndroidManifest.xml:31:13-65
118            android:resource="@xml/ga_ad_services_config" />
118-->[com.google.android.gms:play-services-measurement-api:21.5.0] AndroidManifest.xml:32:13-58
119
120        <provider
120-->[com.google.firebase:firebase-common:20.4.2] AndroidManifest.xml:23:9-28:39
121            android:name="com.google.firebase.provider.FirebaseInitProvider"
121-->[com.google.firebase:firebase-common:20.4.2] AndroidManifest.xml:24:13-77
122            android:authorities="com.example.projectcatalog.firebaseinitprovider"
122-->[com.google.firebase:firebase-common:20.4.2] AndroidManifest.xml:25:13-72
123            android:directBootAware="true"
123-->[com.google.firebase:firebase-common:20.4.2] AndroidManifest.xml:26:13-43
124            android:exported="false"
124-->[com.google.firebase:firebase-common:20.4.2] AndroidManifest.xml:27:13-37
125            android:initOrder="100" />
125-->[com.google.firebase:firebase-common:20.4.2] AndroidManifest.xml:28:13-36
126
127        <uses-library
127-->[androidx.privacysandbox.ads:ads-adservices:1.0.0-beta05] AndroidManifest.xml:23:9-25:40
128            android:name="android.ext.adservices"
128-->[androidx.privacysandbox.ads:ads-adservices:1.0.0-beta05] AndroidManifest.xml:24:13-50
129            android:required="false" />
129-->[androidx.privacysandbox.ads:ads-adservices:1.0.0-beta05] AndroidManifest.xml:25:13-37
130        <uses-library
130-->[androidx.window:window:1.0.0] AndroidManifest.xml:25:9-27:40
131            android:name="androidx.window.extensions"
131-->[androidx.window:window:1.0.0] AndroidManifest.xml:26:13-54
132            android:required="false" />
132-->[androidx.window:window:1.0.0] AndroidManifest.xml:27:13-37
133        <uses-library
133-->[androidx.window:window:1.0.0] AndroidManifest.xml:28:9-30:40
134            android:name="androidx.window.sidecar"
134-->[androidx.window:window:1.0.0] AndroidManifest.xml:29:13-51
135            android:required="false" />
135-->[androidx.window:window:1.0.0] AndroidManifest.xml:30:13-37
136
137        <meta-data
137-->[com.google.android.gms:play-services-basement:18.1.0] AndroidManifest.xml:21:9-23:69
138            android:name="com.google.android.gms.version"
138-->[com.google.android.gms:play-services-basement:18.1.0] AndroidManifest.xml:22:13-58
139            android:value="@integer/google_play_services_version" />
139-->[com.google.android.gms:play-services-basement:18.1.0] AndroidManifest.xml:23:13-66
140
141        <receiver
141-->[androidx.profileinstaller:profileinstaller:1.3.0] AndroidManifest.xml:34:9-52:20
142            android:name="androidx.profileinstaller.ProfileInstallReceiver"
142-->[androidx.profileinstaller:profileinstaller:1.3.0] AndroidManifest.xml:35:13-76
143            android:directBootAware="false"
143-->[androidx.profileinstaller:profileinstaller:1.3.0] AndroidManifest.xml:36:13-44
144            android:enabled="true"
144-->[androidx.profileinstaller:profileinstaller:1.3.0] AndroidManifest.xml:37:13-35
145            android:exported="true"
145-->[androidx.profileinstaller:profileinstaller:1.3.0] AndroidManifest.xml:38:13-36
146            android:permission="android.permission.DUMP" >
146-->[androidx.profileinstaller:profileinstaller:1.3.0] AndroidManifest.xml:39:13-57
147            <intent-filter>
147-->[androidx.profileinstaller:profileinstaller:1.3.0] AndroidManifest.xml:40:13-42:29
148                <action android:name="androidx.profileinstaller.action.INSTALL_PROFILE" />
148-->[androidx.profileinstaller:profileinstaller:1.3.0] AndroidManifest.xml:41:17-91
148-->[androidx.profileinstaller:profileinstaller:1.3.0] AndroidManifest.xml:41:25-88
149            </intent-filter>
150            <intent-filter>
150-->[androidx.profileinstaller:profileinstaller:1.3.0] AndroidManifest.xml:43:13-45:29
151                <action android:name="androidx.profileinstaller.action.SKIP_FILE" />
151-->[androidx.profileinstaller:profileinstaller:1.3.0] AndroidManifest.xml:44:17-85
151-->[androidx.profileinstaller:profileinstaller:1.3.0] AndroidManifest.xml:44:25-82
152            </intent-filter>
153            <intent-filter>
153-->[androidx.profileinstaller:profileinstaller:1.3.0] AndroidManifest.xml:46:13-48:29
154                <action android:name="androidx.profileinstaller.action.SAVE_PROFILE" />
154-->[androidx.profileinstaller:profileinstaller:1.3.0] AndroidManifest.xml:47:17-88
154-->[androidx.profileinstaller:profileinstaller:1.3.0] AndroidManifest.xml:47:25-85
155            </intent-filter>
156            <intent-filter>
156-->[androidx.profileinstaller:profileinstaller:1.3.0] AndroidManifest.xml:49:13-51:29
157                <action android:name="androidx.profileinstaller.action.BENCHMARK_OPERATION" />
157-->[androidx.profileinstaller:profileinstaller:1.3.0] AndroidManifest.xml:50:17-95
157-->[androidx.profileinstaller:profileinstaller:1.3.0] AndroidManifest.xml:50:25-92
158            </intent-filter>
159        </receiver>
160    </application>
161
162</manifest>